2023-08-10 15:30:57,322 [INFO] Activator:176 - 


2023-08-10 15:30:57,324 [INFO] Activator:177 - !SESSION log4j initialized
2023-08-10 15:31:00,237 [INFO] LogOutputStream:77 - [STDOUT_REDIRECT] 
2023-08-10 15:31:08,510 [INFO] ApplicationProperties:184 - Using Application install path: /opt/st/stm32cubeide_1.13.1/plugins/com.st.stm32cube.common.mx_6.9.1.202307191849
2023-08-10 15:31:08,537 [INFO] DbMcusXml:78 - Set database path to: /opt/st/stm32cubeide_1.13.1/plugins/com.st.stm32cube.common.mx_6.9.1.202307191849//db//mcu/
2023-08-10 15:31:08,538 [INFO] ApiDb:274 - Set plugin database path to: /opt/st/stm32cubeide_1.13.1/plugins/com.st.stm32cube.common.mx_6.9.1.202307191849//db//plugins/boardmanager/
2023-08-10 15:31:08,539 [WARN] ApiDb:259 - Overriding images path with different value:  => /opt/st/stm32cubeide_1.13.1/plugins/com.st.stm32cube.common.mx_6.9.1.202307191849//db//plugins/mcufinder/images/
2023-08-10 15:31:08,558 [INFO] ApiDb:250 - Set database path to: /home/deepakp/.stmcufinder/plugins/mcufinder//mcu/
2023-08-10 15:31:08,560 [INFO] DbMcusAds:125 - Set database path to: /home/deepakp/.stmcufinder/plugins/mcufinder//mcu/
2023-08-10 15:31:08,564 [INFO] CrossReferenceDbSqlite:203 - Set database path to: /home/deepakp/.stmcufinder/plugins/mcufinder//mcu/cs/
2023-08-10 15:31:09,010 [INFO] RulesReader:64 - Compatibility file has been processed (293 Rules)
2023-08-10 15:31:09,110 [INFO] DbMcusXml:78 - Set database path to: /opt/st/stm32cubeide_1.13.1/plugins/com.st.stm32cube.common.mx_6.9.1.202307191849//db//mcu/
2023-08-10 15:31:09,110 [INFO] ApiDb:274 - Set plugin database path to: /opt/st/stm32cubeide_1.13.1/plugins/com.st.stm32cube.common.mx_6.9.1.202307191849//db//plugins/boardmanager/
2023-08-10 15:31:09,110 [INFO] ApiDb:261 - Set plugin images path to: /opt/st/stm32cubeide_1.13.1/plugins/com.st.stm32cube.common.mx_6.9.1.202307191849//db//plugins/mcufinder/images/
2023-08-10 15:31:09,111 [WARN] DbFile:41 - Overriding database path with different value: /home/deepakp/.stmcufinder/plugins/mcufinder/ => /home/deepakp/.stmcufinder/plugins/mcufinder
2023-08-10 15:31:09,111 [INFO] ApiDb:250 - Set database path to: /home/deepakp/.stmcufinder/plugins/mcufinder//mcu/
2023-08-10 15:31:09,111 [WARN] DbFile:41 - Overriding database path with different value: /home/deepakp/.stmcufinder/plugins/mcufinder/ => /home/deepakp/.stmcufinder/plugins/mcufinder
2023-08-10 15:31:09,111 [INFO] DbMcusAds:125 - Set database path to: /home/deepakp/.stmcufinder/plugins/mcufinder//mcu/
2023-08-10 15:31:09,111 [WARN] DbFile:41 - Overriding database path with different value: /home/deepakp/.stmcufinder/plugins/mcufinder/ => /home/deepakp/.stmcufinder/plugins/mcufinder
2023-08-10 15:31:09,111 [WARN] DbFile:41 - Overriding database path with different value: /home/deepakp/.stmcufinder/plugins/mcufinder/ => /home/deepakp/.stmcufinder/plugins/mcufinder
2023-08-10 15:31:09,112 [INFO] CrossReferenceDbSqlite:203 - Set database path to: /home/deepakp/.stmcufinder/plugins/mcufinder//mcu/cs/
2023-08-10 15:31:09,206 [INFO] MainPanel:262 - HeapMemory: 268435456
2023-08-10 15:31:09,300 [INFO] DbMcusXml:78 - Set database path to: /opt/st/stm32cubeide_1.13.1/plugins/com.st.stm32cube.common.mx_6.9.1.202307191849//db//mcu/
2023-08-10 15:31:09,300 [INFO] ApiDb:274 - Set plugin database path to: /opt/st/stm32cubeide_1.13.1/plugins/com.st.stm32cube.common.mx_6.9.1.202307191849//db//plugins/boardmanager/
2023-08-10 15:31:09,300 [INFO] ApiDb:261 - Set plugin images path to: /opt/st/stm32cubeide_1.13.1/plugins/com.st.stm32cube.common.mx_6.9.1.202307191849//db//plugins/mcufinder/images/
2023-08-10 15:31:09,301 [WARN] DbFile:41 - Overriding database path with different value: /home/deepakp/.stmcufinder/plugins/mcufinder/ => /home/deepakp/.stmcufinder/plugins/mcufinder
2023-08-10 15:31:09,301 [INFO] ApiDb:250 - Set database path to: /home/deepakp/.stmcufinder/plugins/mcufinder//mcu/
2023-08-10 15:31:09,301 [WARN] DbFile:41 - Overriding database path with different value: /home/deepakp/.stmcufinder/plugins/mcufinder/ => /home/deepakp/.stmcufinder/plugins/mcufinder
2023-08-10 15:31:09,302 [INFO] DbMcusAds:125 - Set database path to: /home/deepakp/.stmcufinder/plugins/mcufinder//mcu/
2023-08-10 15:31:09,302 [WARN] DbFile:41 - Overriding database path with different value: /home/deepakp/.stmcufinder/plugins/mcufinder/ => /home/deepakp/.stmcufinder/plugins/mcufinder
2023-08-10 15:31:09,302 [WARN] DbFile:41 - Overriding database path with different value: /home/deepakp/.stmcufinder/plugins/mcufinder/ => /home/deepakp/.stmcufinder/plugins/mcufinder
2023-08-10 15:31:09,302 [INFO] CrossReferenceDbSqlite:203 - Set database path to: /home/deepakp/.stmcufinder/plugins/mcufinder//mcu/cs/
2023-08-10 15:31:09,324 [INFO] ApplicationProperties:184 - Using Application install path: /opt/st/stm32cubeide_1.13.1/plugins/com.st.stm32cube.common.mx_6.9.1.202307191849
2023-08-10 15:31:09,326 [INFO] PluginManage:196 - Search for loadable plugins [exclusion list=, ]
2023-08-10 15:31:09,327 [INFO] PluginManage:310 - Check plugin analytics
2023-08-10 15:31:09,666 [INFO] AnalyticsPlugin:253 - Accepted Software Licenses: 
2023-08-10 15:31:09,671 [INFO] AnalyticsPlugin:255 - Accepted CMSIS Pack Licenses: 
2023-08-10 15:31:09,672 [INFO] AnalyticsPlugin:257 - Accepted Firmware Licenses: FW.F4.1.27.0
2023-08-10 15:31:09,681 [INFO] PluginManage:359 - Loaded plugin analytics (category:tool,tabindex:-1)
2023-08-10 15:31:09,682 [INFO] PluginManage:310 - Check plugin cadmodel
2023-08-10 15:31:09,734 [INFO] CADModel:105 - Init CAD model plugin
2023-08-10 15:31:09,734 [INFO] PluginManage:359 - Loaded plugin cadmodel (category:power,tabindex:5)
2023-08-10 15:31:09,735 [INFO] PluginManage:310 - Check plugin clock
2023-08-10 15:31:09,752 [INFO] PluginManage:359 - Loaded plugin clock (category:base,tabindex:2)
2023-08-10 15:31:09,754 [INFO] PluginManage:310 - Check plugin ddr
2023-08-10 15:31:09,760 [INFO] PluginManage:359 - Loaded plugin ddr (category:tool,tabindex:6)
2023-08-10 15:31:09,760 [INFO] PluginManage:310 - Check plugin filemanager
2023-08-10 15:31:09,999 [INFO] PluginManage:359 - Loaded plugin filemanager (category:base,tabindex:10)
2023-08-10 15:31:10,000 [INFO] PluginManage:310 - Check plugin ipmanager
2023-08-10 15:31:10,012 [INFO] PluginManage:359 - Loaded plugin ipmanager (category:base,tabindex:5)
2023-08-10 15:31:10,012 [INFO] PluginManage:310 - Check plugin lpbam
2023-08-10 15:31:10,030 [INFO] PluginManage:359 - Loaded plugin lpbam (category:base,tabindex:0)
2023-08-10 15:31:10,030 [INFO] PluginManage:310 - Check plugin memorymap
2023-08-10 15:31:10,048 [INFO] PluginManage:359 - Loaded plugin memorymap (category:base,tabindex:4)
2023-08-10 15:31:10,048 [INFO] PluginManage:310 - Check plugin pinoutandconfiguration
2023-08-10 15:31:10,061 [INFO] PluginManage:359 - Loaded plugin pinoutandconfiguration (category:base,tabindex:1)
2023-08-10 15:31:10,062 [INFO] PluginManage:310 - Check plugin pinoutconfig
2023-08-10 15:31:10,205 [WARN] SupportedApi:132 - Cannot load RTOS API schema: s4s-elt-must-match.1: The content of 'definitions' must match (annotation?, (simpleType | complexType)?, (unique | key | keyref)*)). A problem was found starting at: attribute.
2023-08-10 15:31:10,474 [INFO] PluginManage:359 - Loaded plugin pinoutconfig (category:base,tabindex:0)
2023-08-10 15:31:10,474 [INFO] PluginManage:310 - Check plugin power
2023-08-10 15:31:10,487 [INFO] PluginManage:359 - Loaded plugin power (category:power,tabindex:4)
2023-08-10 15:31:10,487 [INFO] PluginManage:310 - Check plugin projectmanager
2023-08-10 15:31:10,536 [INFO] PluginManage:359 - Loaded plugin projectmanager (category:projectmanager,tabindex:3)
2023-08-10 15:31:10,536 [INFO] PluginManage:310 - Check plugin thirdparty
2023-08-10 15:31:10,821 [INFO] PluginManage:359 - Loaded plugin thirdparty (category:base,tabindex:-1)
2023-08-10 15:31:10,823 [INFO] PluginManage:310 - Check plugin tools
2023-08-10 15:31:10,820 [WARN] IntegrityCheckThread:84 - waiting for thirdparty lock release [integrity check]
2023-08-10 15:31:10,826 [INFO] PluginManage:359 - Loaded plugin tools (category:base,tabindex:7)
2023-08-10 15:31:10,827 [INFO] PluginManage:310 - Check plugin tutovideos
2023-08-10 15:31:10,827 [INFO] IntegrityCheckThread:86 - entering critical section [integrity check]
2023-08-10 15:31:10,828 [INFO] ThirdPartyUpdaterWithRetryManager:70 - Updater plugin not ready yet. [1/15]
2023-08-10 15:31:11,122 [INFO] PluginManage:359 - Loaded plugin tutovideos (category:base,tabindex:-1)
2023-08-10 15:31:11,123 [INFO] PluginManage:310 - Check plugin updater
2023-08-10 15:31:11,141 [INFO] PluginManage:359 - Loaded plugin updater (category:base,tabindex:12)
2023-08-10 15:31:11,141 [INFO] PluginManage:310 - Check plugin userauth
2023-08-10 15:31:11,150 [INFO] UserAuth:113 - Init User Auth plugin
2023-08-10 15:31:11,150 [INFO] PluginManage:359 - Loaded plugin userauth (category:base,tabindex:14)
2023-08-10 15:31:11,154 [INFO] PluginManage:283 - PluginManage : Loaded plugins [17]
2023-08-10 15:31:11,428 [INFO] PinOutPanel:1499 - setPackage(No Configuration,No Configuration)
2023-08-10 15:31:11,556 [INFO] CADModel:165 - CPN selected for project level
2023-08-10 15:31:11,557 [INFO] CADModel:114 - Register for checkConnection events
2023-08-10 15:31:11,569 [INFO] IPUIPlugin:80 - create IPUIPlugin
2023-08-10 15:31:11,570 [INFO] PluginManager:220 - loadIPPluginJar : add spi
2023-08-10 15:31:11,573 [INFO] IPUIPlugin:80 - create IPUIPlugin
2023-08-10 15:31:11,573 [INFO] PluginManager:220 - loadIPPluginJar : add openamp
2023-08-10 15:31:11,575 [INFO] IPUIPlugin:80 - create IPUIPlugin
2023-08-10 15:31:11,575 [INFO] PluginManager:220 - loadIPPluginJar : add tracer_emb
2023-08-10 15:31:11,580 [INFO] IPUIPlugin:80 - create IPUIPlugin
2023-08-10 15:31:11,581 [INFO] PluginManager:220 - loadIPPluginJar : add opamp
2023-08-10 15:31:11,584 [INFO] IPUIPlugin:80 - create IPUIPlugin
2023-08-10 15:31:11,584 [INFO] PluginManager:220 - loadIPPluginJar : add ts
2023-08-10 15:31:11,590 [INFO] IPUIPlugin:80 - create IPUIPlugin
2023-08-10 15:31:11,591 [INFO] PluginManager:220 - loadIPPluginJar : add gic
2023-08-10 15:31:11,596 [INFO] IPUIPlugin:80 - create IPUIPlugin
2023-08-10 15:31:11,596 [INFO] PluginManager:220 - loadIPPluginJar : add gpio
2023-08-10 15:31:11,598 [INFO] IPUIPlugin:80 - create IPUIPlugin
2023-08-10 15:31:11,598 [INFO] PluginManager:220 - loadIPPluginJar : add genericplugin
2023-08-10 15:31:11,600 [INFO] IPUIPlugin:80 - create IPUIPlugin
2023-08-10 15:31:11,601 [INFO] PluginManager:220 - loadIPPluginJar : add gfxmmu
2023-08-10 15:31:11,606 [INFO] IPUIPlugin:80 - create IPUIPlugin
2023-08-10 15:31:11,606 [INFO] PluginManager:220 - loadIPPluginJar : add fmc
2023-08-10 15:31:11,609 [INFO] IPUIPlugin:80 - create IPUIPlugin
2023-08-10 15:31:11,609 [INFO] PluginManager:220 - loadIPPluginJar : add touchsensing
2023-08-10 15:31:11,614 [INFO] IPUIPlugin:80 - create IPUIPlugin
2023-08-10 15:31:11,614 [INFO] PluginManager:220 - loadIPPluginJar : add dma
2023-08-10 15:31:11,616 [INFO] IPUIPlugin:80 - create IPUIPlugin
2023-08-10 15:31:11,618 [INFO] PluginManager:220 - loadIPPluginJar : add ucpd
2023-08-10 15:31:11,622 [INFO] IPUIPlugin:80 - create IPUIPlugin
2023-08-10 15:31:11,622 [INFO] PluginManager:220 - loadIPPluginJar : add usbx
2023-08-10 15:31:11,625 [INFO] IPUIPlugin:80 - create IPUIPlugin
2023-08-10 15:31:11,625 [INFO] PluginManager:220 - loadIPPluginJar : add tsc
2023-08-10 15:31:11,631 [INFO] IPUIPlugin:80 - create IPUIPlugin
2023-08-10 15:31:11,632 [INFO] PluginManager:220 - loadIPPluginJar : add linkedlist
2023-08-10 15:31:11,636 [INFO] IPUIPlugin:80 - create IPUIPlugin
2023-08-10 15:31:11,636 [INFO] PluginManager:220 - loadIPPluginJar : add freertos
2023-08-10 15:31:11,638 [INFO] IPUIPlugin:80 - create IPUIPlugin
2023-08-10 15:31:11,638 [INFO] PluginManager:220 - loadIPPluginJar : add tim
2023-08-10 15:31:11,640 [INFO] IPUIPlugin:80 - create IPUIPlugin
2023-08-10 15:31:11,640 [INFO] PluginManager:220 - loadIPPluginJar : add i2s
2023-08-10 15:31:11,641 [INFO] IPUIPlugin:80 - create IPUIPlugin
2023-08-10 15:31:11,641 [INFO] PluginManager:220 - loadIPPluginJar : add quadspi
2023-08-10 15:31:11,645 [INFO] IPUIPlugin:80 - create IPUIPlugin
2023-08-10 15:31:11,646 [INFO] PluginManager:220 - loadIPPluginJar : add stm32_wpan
2023-08-10 15:31:11,648 [INFO] IPUIPlugin:80 - create IPUIPlugin
2023-08-10 15:31:11,649 [INFO] PluginManager:220 - loadIPPluginJar : add ltdc
2023-08-10 15:31:11,656 [INFO] IPUIPlugin:80 - create IPUIPlugin
2023-08-10 15:31:11,659 [INFO] PluginManager:220 - loadIPPluginJar : add plateformsettings
2023-08-10 15:31:11,661 [INFO] IPUIPlugin:80 - create IPUIPlugin
2023-08-10 15:31:11,661 [INFO] PluginManager:220 - loadIPPluginJar : add can
2023-08-10 15:31:11,663 [INFO] IPUIPlugin:80 - create IPUIPlugin
2023-08-10 15:31:11,663 [INFO] PluginManager:220 - loadIPPluginJar : add comp
2023-08-10 15:31:11,666 [INFO] IPUIPlugin:80 - create IPUIPlugin
2023-08-10 15:31:11,667 [INFO] PluginManager:220 - loadIPPluginJar : add sai
2023-08-10 15:31:11,669 [INFO] IPUIPlugin:80 - create IPUIPlugin
2023-08-10 15:31:11,669 [INFO] PluginManager:220 - loadIPPluginJar : add gtzc
2023-08-10 15:31:11,672 [INFO] IPUIPlugin:80 - create IPUIPlugin
2023-08-10 15:31:11,673 [INFO] PluginManager:220 - loadIPPluginJar : add nvic
2023-08-10 15:31:11,674 [INFO] IPUIPlugin:80 - create IPUIPlugin
2023-08-10 15:31:11,675 [INFO] PluginManager:220 - loadIPPluginJar : add hash
2023-08-10 15:31:11,681 [INFO] IPUIPlugin:80 - create IPUIPlugin
2023-08-10 15:31:11,682 [INFO] PluginManager:220 - loadIPPluginJar : add mdma
2023-08-10 15:31:11,685 [INFO] IPUIPlugin:80 - create IPUIPlugin
2023-08-10 15:31:11,685 [INFO] PluginManager:220 - loadIPPluginJar : add usart
2023-08-10 15:31:11,687 [INFO] IPUIPlugin:80 - create IPUIPlugin
2023-08-10 15:31:11,687 [INFO] PluginManager:220 - loadIPPluginJar : add fatfs
2023-08-10 15:31:11,690 [INFO] IPUIPlugin:80 - create IPUIPlugin
2023-08-10 15:31:11,690 [INFO] PluginManager:220 - loadIPPluginJar : add ipddr
2023-08-10 15:31:11,693 [INFO] IPUIPlugin:80 - create IPUIPlugin
2023-08-10 15:31:11,693 [INFO] PluginManager:220 - loadIPPluginJar : add dma3
2023-08-10 15:31:11,696 [INFO] IPUIPlugin:80 - create IPUIPlugin
2023-08-10 15:31:11,696 [INFO] PluginManager:220 - loadIPPluginJar : add lorawan
2023-08-10 15:31:11,699 [INFO] IPUIPlugin:80 - create IPUIPlugin
2023-08-10 15:31:11,699 [INFO] PluginManager:220 - loadIPPluginJar : add dfsdm
2023-08-10 15:31:11,703 [INFO] IPUIPlugin:80 - create IPUIPlugin
2023-08-10 15:31:11,703 [INFO] PluginManager:220 - loadIPPluginJar : add i2c
2023-08-10 15:31:11,706 [INFO] IPUIPlugin:80 - create IPUIPlugin
2023-08-10 15:31:11,706 [INFO] PluginManager:220 - loadIPPluginJar : add resmgrutility
2023-08-10 15:31:11,709 [INFO] IPUIPlugin:80 - create IPUIPlugin
2023-08-10 15:31:11,709 [INFO] PluginManager:220 - loadIPPluginJar : add aes
2023-08-10 15:31:11,712 [INFO] IPUIPlugin:80 - create IPUIPlugin
2023-08-10 15:31:11,712 [INFO] PluginManager:220 - loadIPPluginJar : add pdm2pcm
2023-08-10 15:31:11,715 [INFO] IPUIPlugin:80 - create IPUIPlugin
2023-08-10 15:31:11,715 [INFO] PluginManager:220 - loadIPPluginJar : add cryp
2023-08-10 15:31:11,721 [INFO] IPUIPlugin:80 - create IPUIPlugin
2023-08-10 15:31:11,721 [INFO] PluginManager:220 - loadIPPluginJar : add adc
2023-08-10 15:31:11,724 [INFO] IPUIPlugin:80 - create IPUIPlugin
2023-08-10 15:31:11,724 [INFO] PluginManager:220 - loadIPPluginJar : add i3c
2023-08-10 15:31:11,849 [INFO] CADModel:165 - CPN selected for project level
2023-08-10 15:31:11,849 [INFO] CADModel:114 - Register for checkConnection events
2023-08-10 15:31:11,849 [FATAL] Updater:308 - Updater called before beeing initialized
2023-08-10 15:31:11,849 [ERROR] CADModel:125 - Updater not yet initialized, retry later 
2023-08-10 15:31:12,015 [INFO] CADModel:165 - CPN selected for project level
2023-08-10 15:31:12,015 [INFO] CADModel:114 - Register for checkConnection events
2023-08-10 15:31:12,015 [FATAL] Updater:308 - Updater called before beeing initialized
2023-08-10 15:31:12,015 [ERROR] CADModel:125 - Updater not yet initialized, retry later 
2023-08-10 15:31:12,019 [FATAL] Updater:308 - Updater called before beeing initialized
2023-08-10 15:31:12,276 [FATAL] Updater:308 - Updater called before beeing initialized
2023-08-10 15:31:12,320 [INFO] DbMcusAds:53 - JSON generation date=Tue Mar 07 14:20:55 IST 2023 (1678179055114)
2023-08-10 15:31:12,320 [FATAL] Updater:308 - Updater called before beeing initialized
2023-08-10 15:31:12,536 [WARN] DetailPanel:346 - Failed to get advertising image, set to default
2023-08-10 15:31:12,691 [FATAL] Updater:308 - Updater called before beeing initialized
2023-08-10 15:31:12,715 [FATAL] Updater:308 - Updater called before beeing initialized
2023-08-10 15:31:12,715 [FATAL] Updater:308 - Updater called before beeing initialized
2023-08-10 15:31:12,715 [WARN] DetailPanel:346 - Failed to get advertising image, set to default
2023-08-10 15:31:12,717 [FATAL] Updater:308 - Updater called before beeing initialized
2023-08-10 15:31:12,855 [ERROR] Updater:1120 - MainUpdater not yet initialized. External WinMGr cannot be set.
2023-08-10 15:31:12,874 [INFO] Updater:1056 - Updater Version found : 6.9.1
2023-08-10 15:31:12,959 [INFO] ApplicationProperties:184 - Using Application install path: /opt/st/stm32cubeide_1.13.1/plugins/com.st.stm32cube.common.mx_6.9.1.202307191849
2023-08-10 15:31:13,463 [INFO] MainUpdater:2868 - connection check result : 10
2023-08-10 15:31:13,464 [INFO] MainUpdater:285 - Updater Check For Update Now.
2023-08-10 15:31:13,464 [INFO] MicroXplorer:498 - Change Database Version : DB.6.0.91
2023-08-10 15:31:13,505 [INFO] McuFinderGlobals:63 - Set McuFinder mode to 2 (CubeIDE integrated)
2023-08-10 15:31:13,829 [WARN] MainUpdater:1189 - Updater busy. Cannot search thirdparties
2023-08-10 15:31:13,830 [INFO] ThirdPartyUpdaterWithRetryManager:96 - Updater plugin is busy. [1/15]
2023-08-10 15:31:13,955 [INFO] CheckServerUpdateThread:120 - End of CheckServer Thread
2023-08-10 15:31:17,314 [WARN] PackLoader:240 - Cannot read IP mode file for STMicroelectronics.X-CUBE-SMBUS.2.1.0
2023-08-10 15:31:17,491 [WARN] PackLoader:240 - Cannot read IP mode file for STMicroelectronics.X-CUBE-AZRTOS-F7.1.1.0
2023-08-10 15:31:17,558 [WARN] PackLoader:240 - Cannot read IP mode file for STMicroelectronics.FP-SNS-MOTENV1.4.3.2
2023-08-10 15:31:17,595 [WARN] PackLoader:240 - Cannot read IP mode file for STMicroelectronics.X-CUBE-BLE1.6.2.4
2023-08-10 15:31:17,631 [WARN] PackLoader:240 - Cannot read IP mode file for STMicroelectronics.FP-SNS-FLIGHT1.5.0.2
2023-08-10 15:31:17,680 [WARN] PackLoader:240 - Cannot read IP mode file for STMicroelectronics.X-CUBE-DISPLAY.3.0.0
2023-08-10 15:31:17,770 [WARN] PackLoader:240 - Cannot read IP mode file for emotas.I-CUBE-CANOPEN.1.3.0
2023-08-10 15:31:17,845 [WARN] PackLoader:240 - Cannot read IP mode file for STMicroelectronics.X-CUBE-TOUCHGFX.4.22.0
2023-08-10 15:31:17,966 [INFO] LogOutputStream:77 - [STDOUT_REDIRECT] 1 : Invalid condition id : UX_CORESTACK_Condition cause : null
2023-08-10 15:31:17,968 [INFO] LogOutputStream:77 - [STDOUT_REDIRECT] 1 : Invalid condition id : UX_CORESTACK_Condition cause : null
2023-08-10 15:31:17,968 [INFO] LogOutputStream:77 - [STDOUT_REDIRECT] 1 : Invalid condition id : UX_CORESTACK_Condition cause : null
2023-08-10 15:31:17,970 [INFO] LogOutputStream:77 - [STDOUT_REDIRECT] 1 : Invalid condition id : UX_CORESTACK_Condition cause : null
2023-08-10 15:31:17,972 [INFO] LogOutputStream:77 - [STDOUT_REDIRECT] 1 : Invalid condition id : UX_CORESTACK_Condition cause : null
2023-08-10 15:31:18,039 [WARN] PackLoader:240 - Cannot read IP mode file for STMicroelectronics.X-CUBE-AZRTOS-WL.2.0.0
2023-08-10 15:31:18,131 [WARN] PackLoader:240 - Cannot read IP mode file for WES.I-CUBE-Cesium.1.3.0
2023-08-10 15:31:18,206 [WARN] PackLoader:240 - Cannot read IP mode file for STMicroelectronics.X-CUBE-BLE2.3.3.0
2023-08-10 15:31:18,251 [WARN] PackLoader:240 - Cannot read IP mode file for STMicroelectronics.X-CUBE-ALGOBUILD.1.3.0
2023-08-10 15:31:18,485 [WARN] PackLoader:240 - Cannot read IP mode file for STMicroelectronics.X-CUBE-AZRTOS-G0.1.1.0
2023-08-10 15:31:18,536 [WARN] PackLoader:240 - Cannot read IP mode file for STMicroelectronics.X-CUBE-NFC4.3.0.0
2023-08-10 15:31:18,571 [WARN] PackLoader:240 - Cannot read IP mode file for STMicroelectronics.FP-ATR-SIGFOX1.3.2.0
2023-08-10 15:31:18,903 [WARN] PackLoader:240 - Cannot read IP mode file for SEGGER.I-CUBE-embOS.1.3.1
2023-08-10 15:31:19,299 [WARN] PackLoader:240 - Cannot read IP mode file for STMicroelectronics.X-CUBE-GNSS1.6.0.0
2023-08-10 15:31:19,430 [WARN] PackLoader:240 - Cannot read IP mode file for STMicroelectronics.X-CUBE-AZRTOS-F4.1.1.0
2023-08-10 15:31:19,464 [WARN] PackLoader:240 - Cannot read IP mode file for wolfSSL.I-CUBE-wolfSSL.5.6.3
2023-08-10 15:31:19,789 [WARN] PackLoader:240 - Cannot read IP mode file for STMicroelectronics.X-CUBE-MEMS1.9.6.0
2023-08-10 15:31:20,539 [WARN] PackLoader:240 - Cannot read IP mode file for STMicroelectronics.X-CUBE-BLEMGR.2.0.0
2023-08-10 15:31:20,647 [WARN] ConditionMgr:438 - getConditionDescription Invalid condition id : UX DEVICE CLASS RTOS Condition cause : null
2023-08-10 15:31:20,648 [WARN] ConditionMgr:438 - getConditionDescription Invalid condition id : UX DEVICE CLASS RTOS Condition cause : null
2023-08-10 15:31:20,653 [WARN] PackLoader:240 - Cannot read IP mode file for STMicroelectronics.X-CUBE-AZRTOS-H7.3.1.0
2023-08-10 15:31:20,657 [WARN] ConditionMgr:1039 - genDependencies : Invalid condition id : UX DEVICE CLASS RTOS Condition cause : null
2023-08-10 15:31:20,657 [WARN] ConditionMgr:1039 - genDependencies : Invalid condition id : UX DEVICE CLASS RTOS Condition cause : null
2023-08-10 15:31:20,663 [WARN] ConditionMgr:1039 - genDependencies : Invalid condition id : UX DEVICE CLASS RTOS Condition cause : null
2023-08-10 15:31:20,664 [WARN] ConditionMgr:1039 - genDependencies : Invalid condition id : UX DEVICE CLASS RTOS Condition cause : null
2023-08-10 15:31:20,665 [WARN] ConditionMgr:1039 - genDependencies : Invalid condition id : UX DEVICE CLASS RTOS Condition cause : null
2023-08-10 15:31:20,700 [WARN] PackLoader:240 - Cannot read IP mode file for STMicroelectronics.X-CUBE-NFC7.1.0.1
2023-08-10 15:31:20,739 [WARN] PackLoader:240 - Cannot read IP mode file for STMicroelectronics.X-CUBE-EEPRMA1.4.1.0
2023-08-10 15:31:20,759 [WARN] PackLoader:240 - Cannot read IP mode file for STMicroelectronics.X-CUBE-AI.8.1.0
2023-08-10 15:31:20,818 [WARN] ConditionMgr:438 - getConditionDescription Invalid condition id : LAN8742 Phy interface Condition cause : null
2023-08-10 15:31:20,820 [WARN] PackLoader:240 - Cannot read IP mode file for STMicroelectronics.X-CUBE-AZRTOS-L4.2.0.0
2023-08-10 15:31:20,824 [WARN] ConditionMgr:1039 - genDependencies : Invalid condition id : LAN8742 Phy interface Condition cause : null
2023-08-10 15:31:20,826 [WARN] ConditionMgr:1039 - genDependencies : Invalid condition id : LAN8742 Phy interface Condition cause : null
2023-08-10 15:31:20,827 [WARN] ConditionMgr:1039 - genDependencies : Invalid condition id : LAN8742 Phy interface Condition cause : null
2023-08-10 15:31:20,869 [WARN] PackLoader:240 - Cannot read IP mode file for STMicroelectronics.X-CUBE-SFXS2LP1.4.0.0
2023-08-10 15:31:20,939 [WARN] PackLoader:240 - Cannot read IP mode file for STMicroelectronics.X-CUBE-ISPU.1.1.0
2023-08-10 15:31:20,958 [WARN] PackLoader:240 - Cannot read IP mode file for STMicroelectronics.X-CUBE-FREERTOS.1.0.1
2023-08-10 15:31:21,002 [WARN] PackLoader:240 - Cannot read IP mode file for STMicroelectronics.X-CUBE-AZRTOS-L5.1.1.0
2023-08-10 15:31:21,074 [WARN] PackLoader:240 - Cannot read IP mode file for STMicroelectronics.X-CUBE-SUBG2.5.0.0
2023-08-10 15:31:21,160 [WARN] PackLoader:240 - Cannot read IP mode file for STMicroelectronics.X-CUBE-TOF1.3.3.1
2023-08-10 15:31:21,261 [WARN] PackLoader:240 - Cannot read IP mode file for STMicroelectronics.X-CUBE-AZRTOS-G4.2.0.0
2023-08-10 15:31:21,276 [WARN] PackLoader:240 - Cannot read IP mode file for portGmbH.I-Cube-SoM-uGOAL.1.1.0
2023-08-10 15:31:21,334 [WARN] PackLoader:240 - Cannot read IP mode file for STMicroelectronics.X-CUBE-ALS.1.0.1
2023-08-10 15:31:21,375 [WARN] PackLoader:240 - Cannot read IP mode file for STMicroelectronics.X-CUBE-AZRTOS-WB.1.1.0
2023-08-10 15:31:21,405 [WARN] PackLoader:240 - Cannot read IP mode file for STMicroelectronics.FP-ATR-ASTRA1.2.0.0
2023-08-10 15:31:21,407 [INFO] ThirdParty:978 - Integrity check success = true
2023-08-10 15:31:21,407 [INFO] IntegrityCheckThread:100 - exiting critical section [integrity check]
2023-08-10 15:31:21,407 [INFO] IntegrityCheckThread:103 - End integrity checks thread
2023-08-10 15:31:38,562 [ERROR] LogOutputStream:75 - [STDERR_REDIRECT] SLF4J: Failed to load class "org.slf4j.impl.StaticLoggerBinder".
2023-08-10 15:31:38,564 [ERROR] LogOutputStream:75 - [STDERR_REDIRECT] SLF4J: Defaulting to no-operation (NOP) logger implementation
2023-08-10 15:31:38,565 [ERROR] LogOutputStream:75 - [STDERR_REDIRECT] SLF4J: See http://www.slf4j.org/codes.html#StaticLoggerBinder for further details.
